{"/Users/ziegler-dev/Desktop/#IRONHACK/myinternship/app.js": {"path":"/Users/ziegler-dev/Desktop/#IRONHACK/myinternship/app.js","statementMap":{"0":{"start":{"line":1,"column":0},"end":{"line":1,"column":27}},"1":{"start":{"line":3,"column":19},"end":{"line":3,"column":41}},"2":{"start":{"line":4,"column":21},"end":{"line":4,"column":45}},"3":{"start":{"line":5,"column":16},"end":{"line":5,"column":34}},"4":{"start":{"line":6,"column":16},"end":{"line":6,"column":40}},"5":{"start":{"line":7,"column":12},"end":{"line":7,"column":26}},"6":{"start":{"line":8,"column":17},"end":{"line":8,"column":36}},"7":{"start":{"line":9,"column":15},"end":{"line":9,"column":32}},"8":{"start":{"line":10,"column":13},"end":{"line":10,"column":28}},"9":{"start":{"line":12,"column":15},"end":{"line":12,"column":32}},"10":{"start":{"line":13,"column":14},"end":{"line":13,"column":38}},"11":{"start":{"line":15,"column":21},"end":{"line":15,"column":45}},"12":{"start":{"line":16,"column":18},"end":{"line":16,"column":47}},"13":{"start":{"line":18,"column":23},"end":{"line":30,"column":1}},"14":{"start":{"line":32,"column":20},"end":{"line":32,"column":48}},"15":{"start":{"line":34,"column":30},"end":{"line":44,"column":1}},"16":{"start":{"line":35,"column":2},"end":{"line":43,"column":3}},"17":{"start":{"line":39,"column":34},"end":{"line":39,"column":45}},"18":{"start":{"line":39,"column":40},"end":{"line":39,"column":45}},"19":{"start":{"line":46,"column":16},"end":{"line":52,"column":1}},"20":{"start":{"line":55,"column":21},"end":{"line":55,"column":51}},"21":{"start":{"line":56,"column":23},"end":{"line":56,"column":55}},"22":{"start":{"line":56,"column":35},"end":{"line":56,"column":55}},"23":{"start":{"line":57,"column":0},"end":{"line":57,"column":17}},"24":{"start":{"line":60,"column":17},"end":{"line":60,"column":47}},"25":{"start":{"line":61,"column":14},"end":{"line":61,"column":88}},"26":{"start":{"line":63,"column":12},"end":{"line":63,"column":21}},"27":{"start":{"line":65,"column":0},"end":{"line":65,"column":76}},"28":{"start":{"line":68,"column":0},"end":{"line":68,"column":23}},"29":{"start":{"line":69,"column":0},"end":{"line":69,"column":27}},"30":{"start":{"line":70,"column":0},"end":{"line":70,"column":52}},"31":{"start":{"line":71,"column":0},"end":{"line":71,"column":24}},"32":{"start":{"line":73,"column":16},"end":{"line":73,"column":42}},"33":{"start":{"line":74,"column":19},"end":{"line":74,"column":52}},"34":{"start":{"line":75,"column":11},"end":{"line":75,"column":30}},"35":{"start":{"line":77,"column":0},"end":{"line":88,"column":2}},"36":{"start":{"line":92,"column":13},"end":{"line":92,"column":37}},"37":{"start":{"line":93,"column":17},"end":{"line":93,"column":36}},"38":{"start":{"line":94,"column":22},"end":{"line":94,"column":56}},"39":{"start":{"line":97,"column":0},"end":{"line":99,"column":3}},"40":{"start":{"line":98,"column":2},"end":{"line":98,"column":23}},"41":{"start":{"line":102,"column":0},"end":{"line":110,"column":3}},"42":{"start":{"line":103,"column":2},"end":{"line":109,"column":7}},"43":{"start":{"line":105,"column":6},"end":{"line":105,"column":25}},"44":{"start":{"line":108,"column":6},"end":{"line":108,"column":16}},"45":{"start":{"line":112,"column":0},"end":{"line":112,"column":17}},"46":{"start":{"line":114,"column":0},"end":{"line":130,"column":2}},"47":{"start":{"line":116,"column":4},"end":{"line":128,"column":9}},"48":{"start":{"line":118,"column":8},"end":{"line":124,"column":9}},"49":{"start":{"line":119,"column":10},"end":{"line":119,"column":62}},"50":{"start":{"line":120,"column":15},"end":{"line":124,"column":9}},"51":{"start":{"line":121,"column":10},"end":{"line":121,"column":62}},"52":{"start":{"line":123,"column":10},"end":{"line":123,"column":28}},"53":{"start":{"line":127,"column":8},"end":{"line":127,"column":25}},"54":{"start":{"line":134,"column":23},"end":{"line":134,"column":58}},"55":{"start":{"line":136,"column":0},"end":{"line":162,"column":2}},"56":{"start":{"line":145,"column":6},"end":{"line":159,"column":11}},"57":{"start":{"line":147,"column":10},"end":{"line":155,"column":11}},"58":{"start":{"line":149,"column":12},"end":{"line":149,"column":30}},"59":{"start":{"line":152,"column":12},"end":{"line":154,"column":15}},"60":{"start":{"line":153,"column":14},"end":{"line":153,"column":33}},"61":{"start":{"line":158,"column":10},"end":{"line":158,"column":20}},"62":{"start":{"line":166,"column":23},"end":{"line":166,"column":70}},"63":{"start":{"line":172,"column":0},"end":{"line":182,"column":3}},"64":{"start":{"line":178,"column":4},"end":{"line":180,"column":7}},"65":{"start":{"line":179,"column":6},"end":{"line":179,"column":29}},"66":{"start":{"line":184,"column":0},"end":{"line":184,"column":31}},"67":{"start":{"line":185,"column":0},"end":{"line":185,"column":28}},"68":{"start":{"line":190,"column":0},"end":{"line":194,"column":4}},"69":{"start":{"line":197,"column":0},"end":{"line":197,"column":48}},"70":{"start":{"line":198,"column":0},"end":{"line":198,"column":30}},"71":{"start":{"line":199,"column":0},"end":{"line":199,"column":56}},"72":{"start":{"line":200,"column":0},"end":{"line":200,"column":74}},"73":{"start":{"line":205,"column":0},"end":{"line":205,"column":60}},"74":{"start":{"line":208,"column":14},"end":{"line":208,"column":39}},"75":{"start":{"line":209,"column":0},"end":{"line":209,"column":20}},"76":{"start":{"line":210,"column":16},"end":{"line":210,"column":43}},"77":{"start":{"line":211,"column":0},"end":{"line":211,"column":22}},"78":{"start":{"line":213,"column":19},"end":{"line":213,"column":43}},"79":{"start":{"line":214,"column":0},"end":{"line":214,"column":25}},"80":{"start":{"line":217,"column":0},"end":{"line":217,"column":21}}},"fnMap":{"0":{"name":"(anonymous_0)","decl":{"start":{"line":34,"column":30},"end":{"line":34,"column":31}},"loc":{"start":{"line":34,"column":42},"end":{"line":44,"column":1}},"line":34},"1":{"name":"(anonymous_1)","decl":{"start":{"line":39,"column":28},"end":{"line":39,"column":29}},"loc":{"start":{"line":39,"column":34},"end":{"line":39,"column":45}},"line":39},"2":{"name":"(anonymous_2)","decl":{"start":{"line":39,"column":34},"end":{"line":39,"column":35}},"loc":{"start":{"line":39,"column":40},"end":{"line":39,"column":45}},"line":39},"3":{"name":"(anonymous_3)","decl":{"start":{"line":56,"column":23},"end":{"line":56,"column":24}},"loc":{"start":{"line":56,"column":35},"end":{"line":56,"column":55}},"line":56},"4":{"name":"(anonymous_4)","decl":{"start":{"line":97,"column":23},"end":{"line":97,"column":24}},"loc":{"start":{"line":97,"column":39},"end":{"line":99,"column":1}},"line":97},"5":{"name":"(anonymous_5)","decl":{"start":{"line":102,"column":25},"end":{"line":102,"column":26}},"loc":{"start":{"line":102,"column":39},"end":{"line":110,"column":1}},"line":102},"6":{"name":"(anonymous_6)","decl":{"start":{"line":104,"column":10},"end":{"line":104,"column":11}},"loc":{"start":{"line":104,"column":20},"end":{"line":106,"column":5}},"line":104},"7":{"name":"(anonymous_7)","decl":{"start":{"line":107,"column":11},"end":{"line":107,"column":12}},"loc":{"start":{"line":107,"column":18},"end":{"line":109,"column":5}},"line":107},"8":{"name":"(anonymous_8)","decl":{"start":{"line":115,"column":20},"end":{"line":115,"column":21}},"loc":{"start":{"line":115,"column":50},"end":{"line":129,"column":3}},"line":115},"9":{"name":"(anonymous_9)","decl":{"start":{"line":117,"column":12},"end":{"line":117,"column":13}},"loc":{"start":{"line":117,"column":21},"end":{"line":125,"column":7}},"line":117},"10":{"name":"(anonymous_10)","decl":{"start":{"line":126,"column":13},"end":{"line":126,"column":14}},"loc":{"start":{"line":126,"column":20},"end":{"line":128,"column":7}},"line":126},"11":{"name":"(anonymous_11)","decl":{"start":{"line":143,"column":4},"end":{"line":143,"column":5}},"loc":{"start":{"line":143,"column":50},"end":{"line":160,"column":5}},"line":143},"12":{"name":"(anonymous_12)","decl":{"start":{"line":146,"column":14},"end":{"line":146,"column":15}},"loc":{"start":{"line":146,"column":23},"end":{"line":156,"column":9}},"line":146},"13":{"name":"(anonymous_13)","decl":{"start":{"line":152,"column":62},"end":{"line":152,"column":63}},"loc":{"start":{"line":152,"column":72},"end":{"line":154,"column":13}},"line":152},"14":{"name":"(anonymous_14)","decl":{"start":{"line":157,"column":15},"end":{"line":157,"column":16}},"loc":{"start":{"line":157,"column":22},"end":{"line":159,"column":9}},"line":157},"15":{"name":"(anonymous_15)","decl":{"start":{"line":177,"column":2},"end":{"line":177,"column":3}},"loc":{"start":{"line":177,"column":54},"end":{"line":181,"column":3}},"line":177},"16":{"name":"(anonymous_16)","decl":{"start":{"line":178,"column":48},"end":{"line":178,"column":49}},"loc":{"start":{"line":178,"column":69},"end":{"line":180,"column":5}},"line":178}},"branchMap":{"0":{"loc":{"start":{"line":118,"column":8},"end":{"line":124,"column":9}},"type":"if","locations":[{"start":{"line":118,"column":8},"end":{"line":124,"column":9}},{"start":{"line":118,"column":8},"end":{"line":124,"column":9}}],"line":118},"1":{"loc":{"start":{"line":120,"column":15},"end":{"line":124,"column":9}},"type":"if","locations":[{"start":{"line":120,"column":15},"end":{"line":124,"column":9}},{"start":{"line":120,"column":15},"end":{"line":124,"column":9}}],"line":120},"2":{"loc":{"start":{"line":147,"column":10},"end":{"line":155,"column":11}},"type":"if","locations":[{"start":{"line":147,"column":10},"end":{"line":155,"column":11}},{"start":{"line":147,"column":10},"end":{"line":155,"column":11}}],"line":147}},"s":{"0":1,"1":1,"2":1,"3":1,"4":1,"5":1,"6":1,"7":1,"8":1,"9":1,"10":1,"11":1,"12":1,"13":1,"14":1,"15":1,"16":0,"17":0,"18":0,"19":1,"20":1,"21":1,"22":1,"23":1,"24":1,"25":1,"26":1,"27":1,"28":1,"29":1,"30":1,"31":1,"32":1,"33":1,"34":1,"35":1,"36":1,"37":1,"38":1,"39":1,"40":0,"41":1,"42":0,"43":0,"44":0,"45":1,"46":1,"47":0,"48":0,"49":0,"50":0,"51":0,"52":0,"53":0,"54":1,"55":1,"56":0,"57":0,"58":0,"59":0,"60":0,"61":0,"62":1,"63":1,"64":0,"65":0,"66":1,"67":1,"68":1,"69":1,"70":1,"71":1,"72":1,"73":1,"74":1,"75":1,"76":1,"77":1,"78":1,"79":1,"80":1},"f":{"0":0,"1":0,"2":0,"3":1,"4":0,"5":0,"6":0,"7":0,"8":0,"9":0,"10":0,"11":0,"12":0,"13":0,"14":0,"15":0,"16":0},"b":{"0":[0,0],"1":[0,0],"2":[0,0]},"_coverageSchema":"1a1c01bbd47fc00a2c39e90264f33305004495a9","hash":"9494ba0d25c4c185e263047755911ccbb677282a"}
,"/Users/ziegler-dev/Desktop/#IRONHACK/myinternship/configs/db.config.js": {"path":"/Users/ziegler-dev/Desktop/#IRONHACK/myinternship/configs/db.config.js","statementMap":{"0":{"start":{"line":1,"column":17},"end":{"line":1,"column":36}},"1":{"start":{"line":3,"column":21},"end":{"line":18,"column":1}},"2":{"start":{"line":4,"column":2},"end":{"line":16,"column":3}},"3":{"start":{"line":5,"column":23},"end":{"line":10,"column":8}},"4":{"start":{"line":11,"column":4},"end":{"line":11,"column":89}},"5":{"start":{"line":12,"column":4},"end":{"line":12,"column":15}},"6":{"start":{"line":14,"column":4},"end":{"line":14,"column":53}},"7":{"start":{"line":15,"column":4},"end":{"line":15,"column":16}},"8":{"start":{"line":20,"column":0},"end":{"line":20,"column":29}}},"fnMap":{"0":{"name":"(anonymous_0)","decl":{"start":{"line":3,"column":21},"end":{"line":3,"column":22}},"loc":{"start":{"line":3,"column":33},"end":{"line":18,"column":1}},"line":3}},"branchMap":{},"s":{"0":4,"1":4,"2":6,"3":6,"4":5,"5":5,"6":1,"7":1,"8":4},"f":{"0":6},"b":{},"_coverageSchema":"1a1c01bbd47fc00a2c39e90264f33305004495a9","hash":"e5b6d05ccc33c3cffcc6fdca89c9ca6ec8bf39b4"}
,"/Users/ziegler-dev/Desktop/#IRONHACK/myinternship/models/User.js": {"path":"/Users/ziegler-dev/Desktop/#IRONHACK/myinternship/models/User.js","statementMap":{"0":{"start":{"line":3,"column":17},"end":{"line":3,"column":36}},"1":{"start":{"line":4,"column":15},"end":{"line":4,"column":30}},"2":{"start":{"line":5,"column":21},"end":{"line":5,"column":52}},"3":{"start":{"line":7,"column":19},"end":{"line":27,"column":2}},"4":{"start":{"line":29,"column":13},"end":{"line":29,"column":47}},"5":{"start":{"line":31,"column":0},"end":{"line":31,"column":22}}},"fnMap":{},"branchMap":{},"s":{"0":2,"1":2,"2":2,"3":2,"4":2,"5":2},"f":{},"b":{},"_coverageSchema":"1a1c01bbd47fc00a2c39e90264f33305004495a9","hash":"964541aeec128e1083aec1d79c5f1a8c253a58b0"}
,"/Users/ziegler-dev/Desktop/#IRONHACK/myinternship/models/Vacancy.js": {"path":"/Users/ziegler-dev/Desktop/#IRONHACK/myinternship/models/Vacancy.js","statementMap":{"0":{"start":{"line":3,"column":17},"end":{"line":3,"column":36}},"1":{"start":{"line":4,"column":15},"end":{"line":4,"column":30}},"2":{"start":{"line":5,"column":21},"end":{"line":5,"column":52}},"3":{"start":{"line":7,"column":22},"end":{"line":30,"column":2}},"4":{"start":{"line":32,"column":16},"end":{"line":32,"column":56}},"5":{"start":{"line":34,"column":0},"end":{"line":34,"column":25}}},"fnMap":{},"branchMap":{},"s":{"0":2,"1":2,"2":2,"3":2,"4":2,"5":2},"f":{},"b":{},"_coverageSchema":"1a1c01bbd47fc00a2c39e90264f33305004495a9","hash":"8fb84dbfd3577dac661488015436ba4bdd10c3ff"}
,"/Users/ziegler-dev/Desktop/#IRONHACK/myinternship/routes/auth.js": {"path":"/Users/ziegler-dev/Desktop/#IRONHACK/myinternship/routes/auth.js","statementMap":{"0":{"start":{"line":1,"column":16},"end":{"line":1,"column":34}},"1":{"start":{"line":2,"column":15},"end":{"line":2,"column":32}},"2":{"start":{"line":4,"column":15},"end":{"line":4,"column":31}},"3":{"start":{"line":5,"column":13},"end":{"line":5,"column":38}},"4":{"start":{"line":6,"column":17},"end":{"line":6,"column":36}},"5":{"start":{"line":22,"column":0},"end":{"line":24,"column":3}},"6":{"start":{"line":23,"column":2},"end":{"line":23,"column":28}},"7":{"start":{"line":38,"column":0},"end":{"line":44,"column":1}},"8":{"start":{"line":58,"column":0},"end":{"line":58,"column":60}},"9":{"start":{"line":71,"column":0},"end":{"line":75,"column":2}},"10":{"start":{"line":93,"column":0},"end":{"line":93,"column":119}},"11":{"start":{"line":112,"column":0},"end":{"line":117,"column":5}},"12":{"start":{"line":116,"column":4},"end":{"line":116,"column":22}},"13":{"start":{"line":130,"column":0},"end":{"line":167,"column":3}},"14":{"start":{"line":131,"column":33},"end":{"line":131,"column":41}},"15":{"start":{"line":133,"column":2},"end":{"line":138,"column":3}},"16":{"start":{"line":134,"column":4},"end":{"line":136,"column":7}},"17":{"start":{"line":137,"column":4},"end":{"line":137,"column":11}},"18":{"start":{"line":139,"column":2},"end":{"line":166,"column":3}},"19":{"start":{"line":140,"column":4},"end":{"line":163,"column":7}},"20":{"start":{"line":141,"column":6},"end":{"line":162,"column":7}},"21":{"start":{"line":142,"column":8},"end":{"line":142,"column":68}},"22":{"start":{"line":145,"column":21},"end":{"line":145,"column":41}},"23":{"start":{"line":146,"column":21},"end":{"line":146,"column":52}},"24":{"start":{"line":148,"column":8},"end":{"line":161,"column":13}},"25":{"start":{"line":151,"column":12},"end":{"line":154,"column":15}},"26":{"start":{"line":152,"column":14},"end":{"line":153,"column":37}},"27":{"start":{"line":152,"column":23},"end":{"line":152,"column":33}},"28":{"start":{"line":153,"column":19},"end":{"line":153,"column":37}},"29":{"start":{"line":157,"column":12},"end":{"line":157,"column":30}},"30":{"start":{"line":160,"column":12},"end":{"line":160,"column":22}},"31":{"start":{"line":165,"column":4},"end":{"line":165,"column":47}},"32":{"start":{"line":180,"column":0},"end":{"line":182,"column":3}},"33":{"start":{"line":181,"column":2},"end":{"line":181,"column":27}},"34":{"start":{"line":195,"column":0},"end":{"line":198,"column":3}},"35":{"start":{"line":196,"column":2},"end":{"line":196,"column":15}},"36":{"start":{"line":197,"column":2},"end":{"line":197,"column":20}},"37":{"start":{"line":200,"column":0},"end":{"line":200,"column":24}}},"fnMap":{"0":{"name":"(anonymous_0)","decl":{"start":{"line":22,"column":27},"end":{"line":22,"column":28}},"loc":{"start":{"line":22,"column":41},"end":{"line":24,"column":1}},"line":22},"1":{"name":"(anonymous_1)","decl":{"start":{"line":115,"column":2},"end":{"line":115,"column":3}},"loc":{"start":{"line":115,"column":22},"end":{"line":117,"column":3}},"line":115},"2":{"name":"(anonymous_2)","decl":{"start":{"line":130,"column":28},"end":{"line":130,"column":29}},"loc":{"start":{"line":130,"column":48},"end":{"line":167,"column":1}},"line":130},"3":{"name":"(anonymous_3)","decl":{"start":{"line":140,"column":46},"end":{"line":140,"column":47}},"loc":{"start":{"line":140,"column":55},"end":{"line":163,"column":5}},"line":140},"4":{"name":"(anonymous_4)","decl":{"start":{"line":149,"column":16},"end":{"line":149,"column":17}},"loc":{"start":{"line":149,"column":26},"end":{"line":158,"column":11}},"line":149},"5":{"name":"(anonymous_5)","decl":{"start":{"line":151,"column":30},"end":{"line":151,"column":31}},"loc":{"start":{"line":151,"column":37},"end":{"line":154,"column":13}},"line":151},"6":{"name":"(anonymous_6)","decl":{"start":{"line":159,"column":17},"end":{"line":159,"column":18}},"loc":{"start":{"line":159,"column":24},"end":{"line":161,"column":11}},"line":159},"7":{"name":"(anonymous_7)","decl":{"start":{"line":180,"column":26},"end":{"line":180,"column":27}},"loc":{"start":{"line":180,"column":40},"end":{"line":182,"column":1}},"line":180},"8":{"name":"(anonymous_8)","decl":{"start":{"line":195,"column":27},"end":{"line":195,"column":28}},"loc":{"start":{"line":195,"column":47},"end":{"line":198,"column":1}},"line":195}},"branchMap":{"0":{"loc":{"start":{"line":133,"column":2},"end":{"line":138,"column":3}},"type":"if","locations":[{"start":{"line":133,"column":2},"end":{"line":138,"column":3}},{"start":{"line":133,"column":2},"end":{"line":138,"column":3}}],"line":133},"1":{"loc":{"start":{"line":141,"column":6},"end":{"line":162,"column":7}},"type":"if","locations":[{"start":{"line":141,"column":6},"end":{"line":162,"column":7}},{"start":{"line":141,"column":6},"end":{"line":162,"column":7}}],"line":141},"2":{"loc":{"start":{"line":152,"column":14},"end":{"line":153,"column":37}},"type":"if","locations":[{"start":{"line":152,"column":14},"end":{"line":153,"column":37}},{"start":{"line":152,"column":14},"end":{"line":153,"column":37}}],"line":152}},"s":{"0":1,"1":1,"2":1,"3":1,"4":1,"5":1,"6":0,"7":1,"8":1,"9":1,"10":1,"11":1,"12":0,"13":1,"14":0,"15":0,"16":0,"17":0,"18":0,"19":0,"20":0,"21":0,"22":0,"23":0,"24":0,"25":0,"26":0,"27":0,"28":0,"29":0,"30":0,"31":0,"32":1,"33":0,"34":1,"35":0,"36":0,"37":1},"f":{"0":0,"1":0,"2":0,"3":0,"4":0,"5":0,"6":0,"7":0,"8":0},"b":{"0":[0,0],"1":[0,0],"2":[0,0]},"_coverageSchema":"1a1c01bbd47fc00a2c39e90264f33305004495a9","hash":"a05077a9ca0229b20a6d638c2d3b7ed96b256a0a"}
,"/Users/ziegler-dev/Desktop/#IRONHACK/myinternship/routes/index.js": {"path":"/Users/ziegler-dev/Desktop/#IRONHACK/myinternship/routes/index.js","statementMap":{"0":{"start":{"line":1,"column":16},"end":{"line":1,"column":34}},"1":{"start":{"line":2,"column":15},"end":{"line":2,"column":31}},"2":{"start":{"line":18,"column":0},"end":{"line":20,"column":3}},"3":{"start":{"line":19,"column":2},"end":{"line":19,"column":42}},"4":{"start":{"line":36,"column":0},"end":{"line":39,"column":3}},"5":{"start":{"line":37,"column":13},"end":{"line":37,"column":26}},"6":{"start":{"line":38,"column":2},"end":{"line":38,"column":19}},"7":{"start":{"line":41,"column":0},"end":{"line":41,"column":24}}},"fnMap":{"0":{"name":"(anonymous_0)","decl":{"start":{"line":18,"column":16},"end":{"line":18,"column":17}},"loc":{"start":{"line":18,"column":36},"end":{"line":20,"column":1}},"line":18},"1":{"name":"(anonymous_1)","decl":{"start":{"line":36,"column":25},"end":{"line":36,"column":26}},"loc":{"start":{"line":36,"column":45},"end":{"line":39,"column":1}},"line":36}},"branchMap":{},"s":{"0":1,"1":1,"2":1,"3":1,"4":1,"5":0,"6":0,"7":1},"f":{"0":1,"1":0},"b":{},"_coverageSchema":"1a1c01bbd47fc00a2c39e90264f33305004495a9","hash":"0db3a604c1eba8bfd820968a9b2ca12467eddf18"}
,"/Users/ziegler-dev/Desktop/#IRONHACK/myinternship/routes/middlewares.js": {"path":"/Users/ziegler-dev/Desktop/#IRONHACK/myinternship/routes/middlewares.js","statementMap":{"0":{"start":{"line":2,"column":19},"end":{"line":13,"column":1}},"1":{"start":{"line":3,"column":2},"end":{"line":12,"column":4}},"2":{"start":{"line":5,"column":4},"end":{"line":11,"column":5}},"3":{"start":{"line":7,"column":6},"end":{"line":7,"column":13}},"4":{"start":{"line":10,"column":6},"end":{"line":10,"column":34}},"5":{"start":{"line":14,"column":0},"end":{"line":16,"column":2}}},"fnMap":{"0":{"name":"(anonymous_0)","decl":{"start":{"line":2,"column":19},"end":{"line":2,"column":20}},"loc":{"start":{"line":2,"column":25},"end":{"line":13,"column":1}},"line":2},"1":{"name":"(anonymous_1)","decl":{"start":{"line":3,"column":9},"end":{"line":3,"column":10}},"loc":{"start":{"line":3,"column":29},"end":{"line":12,"column":3}},"line":3}},"branchMap":{"0":{"loc":{"start":{"line":5,"column":4},"end":{"line":11,"column":5}},"type":"if","locations":[{"start":{"line":5,"column":4},"end":{"line":11,"column":5}},{"start":{"line":5,"column":4},"end":{"line":11,"column":5}}],"line":5}},"s":{"0":1,"1":7,"2":4,"3":0,"4":4,"5":1},"f":{"0":7,"1":4},"b":{"0":[0,4]},"_coverageSchema":"1a1c01bbd47fc00a2c39e90264f33305004495a9","hash":"b101fda20db212f0ad05711aef8a4d8906adfab0"}
,"/Users/ziegler-dev/Desktop/#IRONHACK/myinternship/routes/vacancy.js": {"path":"/Users/ziegler-dev/Desktop/#IRONHACK/myinternship/routes/vacancy.js","statementMap":{"0":{"start":{"line":1,"column":16},"end":{"line":1,"column":34}},"1":{"start":{"line":2,"column":15},"end":{"line":2,"column":31}},"2":{"start":{"line":3,"column":17},"end":{"line":3,"column":36}},"3":{"start":{"line":4,"column":21},"end":{"line":4,"column":52}},"4":{"start":{"line":5,"column":16},"end":{"line":5,"column":44}},"5":{"start":{"line":6,"column":23},"end":{"line":6,"column":47}},"6":{"start":{"line":20,"column":0},"end":{"line":25,"column":3}},"7":{"start":{"line":21,"column":2},"end":{"line":23,"column":3}},"8":{"start":{"line":22,"column":4},"end":{"line":22,"column":38}},"9":{"start":{"line":24,"column":2},"end":{"line":24,"column":55}},"10":{"start":{"line":37,"column":0},"end":{"line":69,"column":3}},"11":{"start":{"line":39,"column":2},"end":{"line":41,"column":3}},"12":{"start":{"line":40,"column":4},"end":{"line":40,"column":38}},"13":{"start":{"line":52,"column":6},"end":{"line":52,"column":14}},"14":{"start":{"line":54,"column":2},"end":{"line":68,"column":3}},"15":{"start":{"line":55,"column":19},"end":{"line":64,"column":6}},"16":{"start":{"line":65,"column":4},"end":{"line":65,"column":38}},"17":{"start":{"line":67,"column":4},"end":{"line":67,"column":22}},"18":{"start":{"line":81,"column":0},"end":{"line":89,"column":3}},"19":{"start":{"line":82,"column":17},"end":{"line":82,"column":27}},"20":{"start":{"line":83,"column":2},"end":{"line":88,"column":3}},"21":{"start":{"line":84,"column":20},"end":{"line":84,"column":46}},"22":{"start":{"line":85,"column":4},"end":{"line":85,"column":77}},"23":{"start":{"line":87,"column":4},"end":{"line":87,"column":22}},"24":{"start":{"line":101,"column":0},"end":{"line":116,"column":3}},"25":{"start":{"line":104,"column":2},"end":{"line":115,"column":3}},"26":{"start":{"line":105,"column":22},"end":{"line":105,"column":42}},"27":{"start":{"line":106,"column":4},"end":{"line":111,"column":5}},"28":{"start":{"line":107,"column":6},"end":{"line":107,"column":25}},"29":{"start":{"line":108,"column":6},"end":{"line":108,"column":91}},"30":{"start":{"line":110,"column":6},"end":{"line":110,"column":99}},"31":{"start":{"line":114,"column":4},"end":{"line":114,"column":22}},"32":{"start":{"line":128,"column":0},"end":{"line":139,"column":3}},"33":{"start":{"line":129,"column":2},"end":{"line":131,"column":3}},"34":{"start":{"line":130,"column":4},"end":{"line":130,"column":38}},"35":{"start":{"line":132,"column":17},"end":{"line":132,"column":27}},"36":{"start":{"line":133,"column":2},"end":{"line":138,"column":3}},"37":{"start":{"line":134,"column":19},"end":{"line":134,"column":54}},"38":{"start":{"line":135,"column":4},"end":{"line":135,"column":38}},"39":{"start":{"line":137,"column":4},"end":{"line":137,"column":22}},"40":{"start":{"line":151,"column":0},"end":{"line":181,"column":3}},"41":{"start":{"line":152,"column":2},"end":{"line":154,"column":3}},"42":{"start":{"line":153,"column":4},"end":{"line":153,"column":38}},"43":{"start":{"line":155,"column":17},"end":{"line":155,"column":27}},"44":{"start":{"line":163,"column":6},"end":{"line":163,"column":14}},"45":{"start":{"line":165,"column":2},"end":{"line":165,"column":15}},"46":{"start":{"line":167,"column":2},"end":{"line":180,"column":3}},"47":{"start":{"line":168,"column":19},"end":{"line":175,"column":6}},"48":{"start":{"line":176,"column":4},"end":{"line":176,"column":23}},"49":{"start":{"line":177,"column":4},"end":{"line":177,"column":38}},"50":{"start":{"line":179,"column":4},"end":{"line":179,"column":22}},"51":{"start":{"line":192,"column":0},"end":{"line":204,"column":3}},"52":{"start":{"line":193,"column":2},"end":{"line":195,"column":3}},"53":{"start":{"line":194,"column":4},"end":{"line":194,"column":38}},"54":{"start":{"line":196,"column":17},"end":{"line":196,"column":27}},"55":{"start":{"line":198,"column":2},"end":{"line":203,"column":3}},"56":{"start":{"line":199,"column":19},"end":{"line":199,"column":54}},"57":{"start":{"line":200,"column":4},"end":{"line":200,"column":66}},"58":{"start":{"line":202,"column":4},"end":{"line":202,"column":22}},"59":{"start":{"line":206,"column":0},"end":{"line":206,"column":24}}},"fnMap":{"0":{"name":"(anonymous_0)","decl":{"start":{"line":20,"column":44},"end":{"line":20,"column":45}},"loc":{"start":{"line":20,"column":70},"end":{"line":25,"column":1}},"line":20},"1":{"name":"(anonymous_1)","decl":{"start":{"line":37,"column":45},"end":{"line":37,"column":46}},"loc":{"start":{"line":37,"column":71},"end":{"line":69,"column":1}},"line":37},"2":{"name":"(anonymous_2)","decl":{"start":{"line":81,"column":49},"end":{"line":81,"column":50}},"loc":{"start":{"line":81,"column":75},"end":{"line":89,"column":1}},"line":81},"3":{"name":"(anonymous_3)","decl":{"start":{"line":101,"column":39},"end":{"line":101,"column":40}},"loc":{"start":{"line":101,"column":65},"end":{"line":116,"column":1}},"line":101},"4":{"name":"(anonymous_4)","decl":{"start":{"line":128,"column":49},"end":{"line":128,"column":50}},"loc":{"start":{"line":128,"column":75},"end":{"line":139,"column":1}},"line":128},"5":{"name":"(anonymous_5)","decl":{"start":{"line":151,"column":47},"end":{"line":151,"column":48}},"loc":{"start":{"line":151,"column":73},"end":{"line":181,"column":1}},"line":151},"6":{"name":"(anonymous_6)","decl":{"start":{"line":192,"column":46},"end":{"line":192,"column":47}},"loc":{"start":{"line":192,"column":72},"end":{"line":204,"column":1}},"line":192}},"branchMap":{"0":{"loc":{"start":{"line":21,"column":2},"end":{"line":23,"column":3}},"type":"if","locations":[{"start":{"line":21,"column":2},"end":{"line":23,"column":3}},{"start":{"line":21,"column":2},"end":{"line":23,"column":3}}],"line":21},"1":{"loc":{"start":{"line":39,"column":2},"end":{"line":41,"column":3}},"type":"if","locations":[{"start":{"line":39,"column":2},"end":{"line":41,"column":3}},{"start":{"line":39,"column":2},"end":{"line":41,"column":3}}],"line":39},"2":{"loc":{"start":{"line":49,"column":4},"end":{"line":49,"column":67}},"type":"default-arg","locations":[{"start":{"line":49,"column":16},"end":{"line":49,"column":67}}],"line":49},"3":{"loc":{"start":{"line":51,"column":4},"end":{"line":51,"column":21}},"type":"default-arg","locations":[{"start":{"line":51,"column":19},"end":{"line":51,"column":21}}],"line":51},"4":{"loc":{"start":{"line":106,"column":4},"end":{"line":111,"column":5}},"type":"if","locations":[{"start":{"line":106,"column":4},"end":{"line":111,"column":5}},{"start":{"line":106,"column":4},"end":{"line":111,"column":5}}],"line":106},"5":{"loc":{"start":{"line":129,"column":2},"end":{"line":131,"column":3}},"type":"if","locations":[{"start":{"line":129,"column":2},"end":{"line":131,"column":3}},{"start":{"line":129,"column":2},"end":{"line":131,"column":3}}],"line":129},"6":{"loc":{"start":{"line":152,"column":2},"end":{"line":154,"column":3}},"type":"if","locations":[{"start":{"line":152,"column":2},"end":{"line":154,"column":3}},{"start":{"line":152,"column":2},"end":{"line":154,"column":3}}],"line":152},"7":{"loc":{"start":{"line":193,"column":2},"end":{"line":195,"column":3}},"type":"if","locations":[{"start":{"line":193,"column":2},"end":{"line":195,"column":3}},{"start":{"line":193,"column":2},"end":{"line":195,"column":3}}],"line":193}},"s":{"0":1,"1":1,"2":1,"3":1,"4":1,"5":1,"6":1,"7":0,"8":0,"9":0,"10":1,"11":0,"12":0,"13":0,"14":0,"15":0,"16":0,"17":0,"18":1,"19":0,"20":0,"21":0,"22":0,"23":0,"24":1,"25":0,"26":0,"27":0,"28":0,"29":0,"30":0,"31":0,"32":1,"33":0,"34":0,"35":0,"36":0,"37":0,"38":0,"39":0,"40":1,"41":0,"42":0,"43":0,"44":0,"45":0,"46":0,"47":0,"48":0,"49":0,"50":0,"51":1,"52":0,"53":0,"54":0,"55":0,"56":0,"57":0,"58":0,"59":1},"f":{"0":0,"1":0,"2":0,"3":0,"4":0,"5":0,"6":0},"b":{"0":[0,0],"1":[0,0],"2":[0],"3":[0],"4":[0,0],"5":[0,0],"6":[0,0],"7":[0,0]},"_coverageSchema":"1a1c01bbd47fc00a2c39e90264f33305004495a9","hash":"085a493205917af2273d0f5ea2d9554cb7b9f8e1"}
}
