{"/Users/ziegler-dev/Desktop/#IRONHACK/myinternship/configs/db.config.js": {"path":"/Users/ziegler-dev/Desktop/#IRONHACK/myinternship/configs/db.config.js","statementMap":{"0":{"start":{"line":1,"column":17},"end":{"line":1,"column":36}},"1":{"start":{"line":3,"column":21},"end":{"line":18,"column":1}},"2":{"start":{"line":4,"column":2},"end":{"line":16,"column":3}},"3":{"start":{"line":5,"column":23},"end":{"line":10,"column":8}},"4":{"start":{"line":11,"column":4},"end":{"line":11,"column":89}},"5":{"start":{"line":12,"column":4},"end":{"line":12,"column":15}},"6":{"start":{"line":14,"column":4},"end":{"line":14,"column":53}},"7":{"start":{"line":15,"column":4},"end":{"line":15,"column":16}},"8":{"start":{"line":20,"column":0},"end":{"line":20,"column":29}}},"fnMap":{"0":{"name":"(anonymous_0)","decl":{"start":{"line":3,"column":21},"end":{"line":3,"column":22}},"loc":{"start":{"line":3,"column":33},"end":{"line":18,"column":1}},"line":3}},"branchMap":{},"s":{"0":3,"1":3,"2":5,"3":5,"4":4,"5":4,"6":1,"7":1,"8":3},"f":{"0":5},"b":{},"_coverageSchema":"1a1c01bbd47fc00a2c39e90264f33305004495a9","hash":"e5b6d05ccc33c3cffcc6fdca89c9ca6ec8bf39b4"}
,"/Users/ziegler-dev/Desktop/#IRONHACK/myinternship/models/User.js": {"path":"/Users/ziegler-dev/Desktop/#IRONHACK/myinternship/models/User.js","statementMap":{"0":{"start":{"line":3,"column":17},"end":{"line":3,"column":36}},"1":{"start":{"line":4,"column":15},"end":{"line":4,"column":30}},"2":{"start":{"line":5,"column":21},"end":{"line":5,"column":52}},"3":{"start":{"line":7,"column":19},"end":{"line":22,"column":2}},"4":{"start":{"line":24,"column":13},"end":{"line":24,"column":47}},"5":{"start":{"line":26,"column":0},"end":{"line":26,"column":22}}},"fnMap":{},"branchMap":{},"s":{"0":1,"1":1,"2":1,"3":1,"4":1,"5":1},"f":{},"b":{},"_coverageSchema":"1a1c01bbd47fc00a2c39e90264f33305004495a9","hash":"e8ea5f0840b53121c2b90a10e88db47e600da496"}
,"/Users/ziegler-dev/Desktop/#IRONHACK/myinternship/models/Vacancy.js": {"path":"/Users/ziegler-dev/Desktop/#IRONHACK/myinternship/models/Vacancy.js","statementMap":{"0":{"start":{"line":3,"column":17},"end":{"line":3,"column":36}},"1":{"start":{"line":4,"column":15},"end":{"line":4,"column":30}},"2":{"start":{"line":5,"column":21},"end":{"line":5,"column":52}},"3":{"start":{"line":7,"column":22},"end":{"line":25,"column":2}},"4":{"start":{"line":27,"column":16},"end":{"line":27,"column":56}},"5":{"start":{"line":29,"column":0},"end":{"line":29,"column":25}}},"fnMap":{},"branchMap":{},"s":{"0":1,"1":1,"2":1,"3":1,"4":1,"5":1},"f":{},"b":{},"_coverageSchema":"1a1c01bbd47fc00a2c39e90264f33305004495a9","hash":"c2338ebdbbb44bbc9db0f1903af599d640947fce"}
}
