TN:
SF:app.js
FN:34,(anonymous_0)
FN:39,(anonymous_1)
FN:39,(anonymous_2)
FN:56,(anonymous_3)
FN:97,(anonymous_4)
FN:102,(anonymous_5)
FN:104,(anonymous_6)
FN:107,(anonymous_7)
FN:115,(anonymous_8)
FN:117,(anonymous_9)
FN:126,(anonymous_10)
FN:143,(anonymous_11)
FN:146,(anonymous_12)
FN:152,(anonymous_13)
FN:157,(anonymous_14)
FN:177,(anonymous_15)
FN:178,(anonymous_16)
FNF:17
FNH:1
FNDA:0,(anonymous_0)
FNDA:0,(anonymous_1)
FNDA:0,(anonymous_2)
FNDA:1,(anonymous_3)
FNDA:0,(anonymous_4)
FNDA:0,(anonymous_5)
FNDA:0,(anonymous_6)
FNDA:0,(anonymous_7)
FNDA:0,(anonymous_8)
FNDA:0,(anonymous_9)
FNDA:0,(anonymous_10)
FNDA:0,(anonymous_11)
FNDA:0,(anonymous_12)
FNDA:0,(anonymous_13)
FNDA:0,(anonymous_14)
FNDA:0,(anonymous_15)
FNDA:0,(anonymous_16)
DA:1,1
DA:3,1
DA:4,1
DA:5,1
DA:6,1
DA:7,1
DA:8,1
DA:9,1
DA:10,1
DA:12,1
DA:13,1
DA:15,1
DA:16,1
DA:18,1
DA:32,1
DA:34,1
DA:35,0
DA:39,0
DA:46,1
DA:55,1
DA:56,1
DA:57,1
DA:60,1
DA:61,1
DA:63,1
DA:65,1
DA:68,1
DA:69,1
DA:70,1
DA:71,1
DA:73,1
DA:74,1
DA:75,1
DA:77,1
DA:92,1
DA:93,1
DA:94,1
DA:97,1
DA:98,0
DA:102,1
DA:103,0
DA:105,0
DA:108,0
DA:112,1
DA:114,1
DA:116,0
DA:118,0
DA:119,0
DA:120,0
DA:121,0
DA:123,0
DA:127,0
DA:134,1
DA:136,1
DA:145,0
DA:147,0
DA:149,0
DA:152,0
DA:153,0
DA:158,0
DA:166,1
DA:172,1
DA:178,0
DA:179,0
DA:184,1
DA:185,1
DA:190,1
DA:197,1
DA:198,1
DA:199,1
DA:200,1
DA:205,1
DA:208,1
DA:209,1
DA:210,1
DA:211,1
DA:213,1
DA:214,1
DA:217,1
LF:79
LH:58
BRDA:118,0,0,0
BRDA:118,0,1,0
BRDA:120,1,0,0
BRDA:120,1,1,0
BRDA:147,2,0,0
BRDA:147,2,1,0
BRF:6
BRH:0
end_of_record
TN:
SF:configs/db.config.js
FN:3,(anonymous_0)
FNF:1
FNH:1
FNDA:6,(anonymous_0)
DA:1,4
DA:3,4
DA:4,6
DA:5,6
DA:11,5
DA:12,5
DA:14,1
DA:15,1
DA:20,4
LF:9
LH:9
BRF:0
BRH:0
end_of_record
TN:
SF:models/User.js
FNF:0
FNH:0
DA:3,2
DA:4,2
DA:5,2
DA:7,2
DA:29,2
DA:31,2
LF:6
LH:6
BRF:0
BRH:0
end_of_record
TN:
SF:models/Vacancy.js
FNF:0
FNH:0
DA:3,2
DA:4,2
DA:5,2
DA:7,2
DA:32,2
DA:34,2
LF:6
LH:6
BRF:0
BRH:0
end_of_record
TN:
SF:routes/auth.js
FN:22,(anonymous_0)
FN:115,(anonymous_1)
FN:130,(anonymous_2)
FN:140,(anonymous_3)
FN:149,(anonymous_4)
FN:151,(anonymous_5)
FN:159,(anonymous_6)
FN:180,(anonymous_7)
FN:195,(anonymous_8)
FNF:9
FNH:0
FNDA:0,(anonymous_0)
FNDA:0,(anonymous_1)
FNDA:0,(anonymous_2)
FNDA:0,(anonymous_3)
FNDA:0,(anonymous_4)
FNDA:0,(anonymous_5)
FNDA:0,(anonymous_6)
FNDA:0,(anonymous_7)
FNDA:0,(anonymous_8)
DA:1,1
DA:2,1
DA:4,1
DA:5,1
DA:6,1
DA:22,1
DA:23,0
DA:38,1
DA:58,1
DA:71,1
DA:93,1
DA:112,1
DA:116,0
DA:130,1
DA:131,0
DA:133,0
DA:134,0
DA:137,0
DA:139,0
DA:140,0
DA:141,0
DA:142,0
DA:145,0
DA:146,0
DA:148,0
DA:151,0
DA:152,0
DA:153,0
DA:157,0
DA:160,0
DA:165,0
DA:180,1
DA:181,0
DA:195,1
DA:196,0
DA:197,0
DA:200,1
LF:37
LH:15
BRDA:133,0,0,0
BRDA:133,0,1,0
BRDA:141,1,0,0
BRDA:141,1,1,0
BRDA:152,2,0,0
BRDA:152,2,1,0
BRF:6
BRH:0
end_of_record
TN:
SF:routes/index.js
FN:18,(anonymous_0)
FN:36,(anonymous_1)
FNF:2
FNH:1
FNDA:1,(anonymous_0)
FNDA:0,(anonymous_1)
DA:1,1
DA:2,1
DA:18,1
DA:19,1
DA:36,1
DA:37,0
DA:38,0
DA:41,1
LF:8
LH:6
BRF:0
BRH:0
end_of_record
TN:
SF:routes/middlewares.js
FN:2,(anonymous_0)
FN:3,(anonymous_1)
FNF:2
FNH:2
FNDA:7,(anonymous_0)
FNDA:4,(anonymous_1)
DA:2,1
DA:3,7
DA:5,4
DA:7,0
DA:10,4
DA:14,1
LF:6
LH:5
BRDA:5,0,0,0
BRDA:5,0,1,4
BRF:2
BRH:1
end_of_record
TN:
SF:routes/vacancy.js
FN:20,(anonymous_0)
FN:37,(anonymous_1)
FN:81,(anonymous_2)
FN:101,(anonymous_3)
FN:128,(anonymous_4)
FN:151,(anonymous_5)
FN:192,(anonymous_6)
FNF:7
FNH:0
FNDA:0,(anonymous_0)
FNDA:0,(anonymous_1)
FNDA:0,(anonymous_2)
FNDA:0,(anonymous_3)
FNDA:0,(anonymous_4)
FNDA:0,(anonymous_5)
FNDA:0,(anonymous_6)
DA:1,1
DA:2,1
DA:3,1
DA:4,1
DA:5,1
DA:6,1
DA:20,1
DA:21,0
DA:22,0
DA:24,0
DA:37,1
DA:39,0
DA:40,0
DA:52,0
DA:54,0
DA:55,0
DA:65,0
DA:67,0
DA:81,1
DA:82,0
DA:83,0
DA:84,0
DA:85,0
DA:87,0
DA:101,1
DA:104,0
DA:105,0
DA:106,0
DA:107,0
DA:108,0
DA:110,0
DA:114,0
DA:128,1
DA:129,0
DA:130,0
DA:132,0
DA:133,0
DA:134,0
DA:135,0
DA:137,0
DA:151,1
DA:152,0
DA:153,0
DA:155,0
DA:163,0
DA:165,0
DA:167,0
DA:168,0
DA:176,0
DA:177,0
DA:179,0
DA:192,1
DA:193,0
DA:194,0
DA:196,0
DA:198,0
DA:199,0
DA:200,0
DA:202,0
DA:206,1
LF:60
LH:14
BRDA:21,0,0,0
BRDA:21,0,1,0
BRDA:39,1,0,0
BRDA:39,1,1,0
BRDA:49,2,0,0
BRDA:51,3,0,0
BRDA:106,4,0,0
BRDA:106,4,1,0
BRDA:129,5,0,0
BRDA:129,5,1,0
BRDA:152,6,0,0
BRDA:152,6,1,0
BRDA:193,7,0,0
BRDA:193,7,1,0
BRF:14
BRH:0
end_of_record
